<?xml version="1.0" encoding="UTF-8"?>
<!-- Generated by org.testng.reporters.JUnitReportReporter -->
<testsuite hostname="DESKTOP-TFBDC2G" failures="0" tests="1" name="testPackage.testNg2" time="0.001" errors="0" timestamp="2023-03-26T13:47:52 IST" skipped="1">
  <testcase classname="testPackage.testNg2" name="Test1" time="0.001">
    <skipped/>
  </testcase> <!-- Test1 -->
  <system-out/>
</testsuite> <!-- testPackage.testNg2 -->
